<?xml version="1.0" encoding="UTF-8"?>
<!-- Generated by org.testng.reporters.JUnitReportReporter -->
<testsuite skipped="0" hostname="AMOSTAFA" name="Runner.test_Runner" tests="6" failures="0" timestamp="2022-08-19T06:51:59 EET" time="252.293" errors="0">
  <testcase name="runScenario" time="35.815" classname="Runner.test_Runner"/>
  <system-out/>
  <testcase name="runScenario" time="41.588" classname="Runner.test_Runner"/>
  <system-out/>
  <testcase name="runScenario" time="35.897" classname="Runner.test_Runner"/>
  <system-out/>
  <testcase name="runScenario" time="34.941" classname="Runner.test_Runner"/>
  <system-out/>
  <testcase name="runScenario" time="71.217" classname="Runner.test_Runner"/>
  <system-out/>
  <testcase name="runScenario" time="32.835" classname="Runner.test_Runner"/>
  <system-out/>
</testsuite> <!-- Runner.test_Runner -->
